Determining if the pthread_create exist failed with the following output:
Change Dir: /home/igor/Documentos/UFRN/2021.1 Remoto/EDII/UnidadeII/edii/build/CMakeFiles/CMakeTmp

Run Build Command:"/usr/bin/make" "cmTC_bbe52/fast"
/usr/bin/make -f CMakeFiles/cmTC_bbe52.dir/build.make CMakeFiles/cmTC_bbe52.dir/build
make[1]: Entering directory '/home/igor/Documentos/UFRN/2021.1 Remoto/EDII/UnidadeII/edii/build/CMakeFiles/CMakeTmp'
Building C object CMakeFiles/cmTC_bbe52.dir/CheckSymbolExists.c.o
/usr/bin/x86_64-linux-gnu-gcc-7   -fPIE   -o CMakeFiles/cmTC_bbe52.dir/CheckSymbolExists.c.o   -c "/home/igor/Documentos/UFRN/2021.1 Remoto/EDII/UnidadeII/edii/build/CMakeFiles/CMakeTmp/CheckSymbolExists.c"
Linking C executable cmTC_bbe52
/usr/bin/cmake -E cmake_link_script CMakeFiles/cmTC_bbe52.dir/link.txt --verbose=1
/usr/bin/x86_64-linux-gnu-gcc-7      -rdynamic CMakeFiles/cmTC_bbe52.dir/CheckSymbolExists.c.o  -o cmTC_bbe52 
CMakeFiles/cmTC_bbe52.dir/CheckSymbolExists.c.o: Na função "main":
CheckSymbolExists.c:(.text+0x1b): referência não definida para "pthread_create"
collect2: error: ld returned 1 exit status
CMakeFiles/cmTC_bbe52.dir/build.make:97: recipe for target 'cmTC_bbe52' failed
make[1]: *** [cmTC_bbe52] Error 1
make[1]: Leaving directory '/home/igor/Documentos/UFRN/2021.1 Remoto/EDII/UnidadeII/edii/build/CMakeFiles/CMakeTmp'
Makefile:126: recipe for target 'cmTC_bbe52/fast' failed
make: *** [cmTC_bbe52/fast] Error 2

File /home/igor/Documentos/UFRN/2021.1 Remoto/EDII/UnidadeII/edii/build/CMakeFiles/CMakeTmp/CheckSymbolExists.c:
/* */
#include <pthread.h>

int main(int argc, char** argv)
{
  (void)argv;
#ifndef pthread_create
  return ((int*)(&pthread_create))[argc];
#else
  (void)argc;
  return 0;
#endif
}

Determining if the function pthread_create exists in the pthreads failed with the following output:
Change Dir: /home/igor/Documentos/UFRN/2021.1 Remoto/EDII/UnidadeII/edii/build/CMakeFiles/CMakeTmp

Run Build Command:"/usr/bin/make" "cmTC_534b8/fast"
/usr/bin/make -f CMakeFiles/cmTC_534b8.dir/build.make CMakeFiles/cmTC_534b8.dir/build
make[1]: Entering directory '/home/igor/Documentos/UFRN/2021.1 Remoto/EDII/UnidadeII/edii/build/CMakeFiles/CMakeTmp'
Building C object CMakeFiles/cmTC_534b8.dir/CheckFunctionExists.c.o
/usr/bin/x86_64-linux-gnu-gcc-7   -DCHECK_FUNCTION_EXISTS=pthread_create -fPIE   -o CMakeFiles/cmTC_534b8.dir/CheckFunctionExists.c.o   -c /usr/share/cmake-3.10/Modules/CheckFunctionExists.c
Linking C executable cmTC_534b8
/usr/bin/cmake -E cmake_link_script CMakeFiles/cmTC_534b8.dir/link.txt --verbose=1
/usr/bin/x86_64-linux-gnu-gcc-7  -DCHECK_FUNCTION_EXISTS=pthread_create    -rdynamic CMakeFiles/cmTC_534b8.dir/CheckFunctionExists.c.o  -o cmTC_534b8 -lpthreads 
/usr/bin/ld: não foi possível localizar -lpthreads
collect2: error: ld returned 1 exit status
CMakeFiles/cmTC_534b8.dir/build.make:97: recipe for target 'cmTC_534b8' failed
make[1]: *** [cmTC_534b8] Error 1
make[1]: Leaving directory '/home/igor/Documentos/UFRN/2021.1 Remoto/EDII/UnidadeII/edii/build/CMakeFiles/CMakeTmp'
Makefile:126: recipe for target 'cmTC_534b8/fast' failed
make: *** [cmTC_534b8/fast] Error 2


